<?xml version="1.0" encoding="UTF-8"?>
<testng-results ignored="0" total="1" passed="1" failed="0" skipped="0">
  <reporter-output>
  </reporter-output>
  <suite started-at="2023-12-20T04:15:43 EST" name="Default suite" finished-at="2023-12-20T04:16:14 EST" duration-ms="31022">
    <groups>
    </groups>
    <test started-at="2023-12-20T04:15:43 EST" name="Default test" finished-at="2023-12-20T04:16:14 EST" duration-ms="31022">
      <class name="org.rebotraining.eCommerce_tc_3">
        <test-method is-config="true" signature="ConfigureAppium()[pri:0, instance:org.rebotraining.eCommerce_tc_3@4562e04d]" started-at="2023-12-20T04:15:43 EST" name="ConfigureAppium" finished-at="2023-12-20T04:15:55 EST" duration-ms="12334" status="PASS">
          <reporter-output>
          </reporter-output>
        </test-method> <!-- ConfigureAppium -->
        <test-method signature="validatingCartPriceSum()[pri:0, instance:org.rebotraining.eCommerce_tc_3@4562e04d]" started-at="2023-12-20T04:15:55 EST" name="validatingCartPriceSum" finished-at="2023-12-20T04:16:13 EST" duration-ms="18257" status="PASS">
          <reporter-output>
          </reporter-output>
        </test-method> <!-- validatingCartPriceSum -->
        <test-method is-config="true" signature="tearDown()[pri:0, instance:org.rebotraining.eCommerce_tc_3@4562e04d]" started-at="2023-12-20T04:16:13 EST" name="tearDown" finished-at="2023-12-20T04:16:14 EST" duration-ms="399" status="PASS">
          <reporter-output>
          </reporter-output>
        </test-method> <!-- tearDown -->
      </class> <!-- org.rebotraining.eCommerce_tc_3 -->
    </test> <!-- Default test -->
  </suite> <!-- Default suite -->
</testng-results>
