<?xml version="1.0" encoding="UTF-8"?>
<testng-results ignored="0" total="1" passed="1" failed="0" skipped="0">
  <reporter-output>
  </reporter-output>
  <suite started-at="2023-12-23T02:40:43 EST" name="Default suite" finished-at="2023-12-23T02:41:33 EST" duration-ms="49419">
    <groups>
    </groups>
    <test started-at="2023-12-23T02:40:43 EST" name="Default test" finished-at="2023-12-23T02:41:33 EST" duration-ms="49419">
      <class name="org.rebotraining.eCommerce_tc_4_Hybrid">
        <test-method is-config="true" signature="ConfigureAppium()[pri:0, instance:org.rebotraining.eCommerce_tc_4_Hybrid@4562e04d]" started-at="2023-12-23T02:40:43 EST" name="ConfigureAppium" finished-at="2023-12-23T02:41:08 EST" duration-ms="24500" status="PASS">
          <reporter-output>
          </reporter-output>
        </test-method> <!-- ConfigureAppium -->
        <test-method signature="validatingCartPriceSum()[pri:0, instance:org.rebotraining.eCommerce_tc_4_Hybrid@4562e04d]" started-at="2023-12-23T02:41:08 EST" name="validatingCartPriceSum" finished-at="2023-12-23T02:41:32 EST" duration-ms="24442" status="PASS">
          <reporter-output>
          </reporter-output>
        </test-method> <!-- validatingCartPriceSum -->
        <test-method is-config="true" signature="tearDown()[pri:0, instance:org.rebotraining.eCommerce_tc_4_Hybrid@4562e04d]" started-at="2023-12-23T02:41:32 EST" name="tearDown" finished-at="2023-12-23T02:41:33 EST" duration-ms="447" status="PASS">
          <reporter-output>
          </reporter-output>
        </test-method> <!-- tearDown -->
      </class> <!-- org.rebotraining.eCommerce_tc_4_Hybrid -->
    </test> <!-- Default test -->
  </suite> <!-- Default suite -->
</testng-results>
